
> group_think_frontend@0.1.0 test
> react-scripts test --verbose

  console.log
    Test chooses winner { id: '4' }

      at Object.<anonymous> (src/alg/ranked-choice.spec.ts:51:13)

  console.log
    test: first places [ { id: '4' }, { id: '4' }, { id: '4' } ]

      at Object.<anonymous> (src/alg/ranked-choice.spec.ts:63:13)

  console.log
    top of loop [
      [
        { id: '4' },
        { id: '1' },
        { id: '2' },
        { id: '3' },
        { id: '5' },
        { id: '6' },
        { id: '7' }
      ],
      [
        { id: '4' },
        { id: '5' },
        { id: '2' },
        { id: '6' },
        { id: '1' },
        { id: '3' },
        { id: '7' }
      ],
      [
        { id: '4' },
        { id: '7' },
        { id: '6' },
        { id: '5' },
        { id: '3' },
        { id: '2' },
        { id: '1' }
      ]
    ]

      at rankedChoice (src/alg/ranked-choice.ts:6:17)

  console.log
    scores { '4': 3 }

      at rankedChoice (src/alg/ranked-choice.ts:9:17)

  console.log
    results { winner: [ '4', 3 ], winners: undefined, loser: [ '4', 3 ] }

      at rankedChoice (src/alg/ranked-choice.ts:12:17)

  console.log
    undefined

      at rankedChoice (src/alg/ranked-choice.ts:13:17)

  console.log
    { weHaveATie: undefined, remainingOpts: 7 }

      at rankedChoice (src/alg/ranked-choice.ts:16:17)

  console.log
    winner? { winner: [ '4', 3 ], share: 1 }

      at rankedChoice (src/alg/ranked-choice.ts:24:17)

  console.log
    we have a winner

      at rankedChoice (src/alg/ranked-choice.ts:28:21)

  console.log
    test got: 4

      at Object.<anonymous> (src/alg/ranked-choice.spec.ts:67:13)

  console.log
    test is done

      at Object.<anonymous> (src/alg/ranked-choice.spec.ts:71:13)



